[2026-03-10 15:19:38,000501] [INFO] [app] [setup_logging] [N/A] [N/A] - Logging initialized. Log level: INFO. Log file: D:\Jay Rathod\Projects\website\backend\app.log
[2026-03-10 15:19:43,000791] [INFO] [app] [setup_logging] [N/A] [N/A] - Logging initialized. Log level: INFO. Log file: D:\Jay Rathod\Projects\website\backend\app.log
[2026-03-10 15:20:08,000194] [INFO] [app] [setup_logging] [N/A] [N/A] - Logging initialized. Log level: INFO. Log file: D:\Jay Rathod\Projects\website\backend\app.log
[2026-03-10 15:20:08,000273] [INFO] [api] [_log] [N/A] [3c93e835] - Incoming request: GET /openapi.json
[2026-03-10 15:20:08,000296] [INFO] [api] [_log] [N/A] [3c93e835] - Request completed: GET /openapi.json - Status: 200 - Duration: 0.023s
[2026-03-10 15:20:48,000867] [INFO] [api] [_log] [N/A] [5418b375] - Incoming request: GET /auth/me
[2026-03-10 15:20:48,000869] [INFO] [api] [_log] [N/A] [5418b375] - Request completed: GET /auth/me - Status: 401 - Duration: 0.002s
[2026-03-10 15:20:48,000871] [INFO] [api] [_log] [N/A] [f49092a1] - Incoming request: GET /auth/me
[2026-03-10 15:20:48,000872] [INFO] [api] [_log] [N/A] [f49092a1] - Request completed: GET /auth/me - Status: 401 - Duration: 0.001s
[2026-03-10 15:20:48,000890] [INFO] [api] [_log] [N/A] [977832cb] - Incoming request: GET /events
[2026-03-10 15:20:49,000409] [INFO] [dynamo] [_log] [N/A] [977832cb] - Found 3 events
[2026-03-10 15:20:49,000412] [INFO] [api] [_log] [N/A] [977832cb] - Request completed: GET /events - Status: 200 - Duration: 0.522s
[2026-03-10 15:21:10,000410] [INFO] [api] [_log] [N/A] [b6041125] - Incoming request: OPTIONS /auth/google
[2026-03-10 15:21:10,000411] [INFO] [api] [_log] [N/A] [b6041125] - Request completed: OPTIONS /auth/google - Status: 200 - Duration: 0.001s
[2026-03-10 15:21:10,000413] [INFO] [api] [_log] [N/A] [350c95d4] - Incoming request: POST /auth/google
[2026-03-10 15:21:10,000806] [INFO] [dynamo] [_log] [N/A] [350c95d4] - Upserting user: jay.techabbot1@gmail.com
[2026-03-10 15:21:11,000029] [INFO] [dynamo] [_log] [N/A] [350c95d4] - User upserted successfully: jay.techabbot1@gmail.com
[2026-03-10 15:21:11,000039] [INFO] [jwt] [_log] [N/A] [350c95d4] - JWT token created successfully
[2026-03-10 15:21:11,000041] [INFO] [api] [_log] [N/A] [350c95d4] - Request completed: POST /auth/google - Status: 200 - Duration: 0.628s
[2026-03-10 15:21:20,000554] [INFO] [api] [_log] [N/A] [a7100a4f] - Incoming request: GET /events/gujcet-2026
[2026-03-10 15:21:20,000555] [INFO] [api] [_log] [N/A] [811ca2ca] - Incoming request: GET /registrations/gujcet-2026/check
[2026-03-10 15:21:20,000558] [INFO] [jwt] [_log] [N/A] [811ca2ca] - JWT token decoded successfully
[2026-03-10 15:21:20,000777] [INFO] [api] [_log] [N/A] [811ca2ca] - Request completed: GET /registrations/gujcet-2026/check - Status: 200 - Duration: 0.222s
[2026-03-10 15:21:20,000786] [INFO] [api] [_log] [N/A] [a7100a4f] - Request completed: GET /events/gujcet-2026 - Status: 200 - Duration: 0.232s
[2026-03-10 15:22:21,000867] [INFO] [api] [_log] [N/A] [be468bb5] - Incoming request: GET /registrations/me
[2026-03-10 15:22:21,000868] [INFO] [jwt] [_log] [N/A] [be468bb5] - JWT token decoded successfully
[2026-03-10 15:22:22,000121] [INFO] [dynamo] [_log] [N/A] [be468bb5] - Found 0 registrations for user: jay.techabbot1@gmail.com
[2026-03-10 15:22:22,000123] [INFO] [api] [_log] [N/A] [be468bb5] - Request completed: GET /registrations/me - Status: 200 - Duration: 0.256s
[2026-03-10 15:22:50,000890] [INFO] [api] [_log] [N/A] [1c942443] - Incoming request: OPTIONS /users/me
[2026-03-10 15:22:50,000891] [INFO] [api] [_log] [N/A] [1c942443] - Request completed: OPTIONS /users/me - Status: 200 - Duration: 0.001s
[2026-03-10 15:22:50,000893] [INFO] [api] [_log] [N/A] [15cfb1df] - Incoming request: PUT /users/me
[2026-03-10 15:22:50,000895] [INFO] [jwt] [_log] [N/A] [15cfb1df] - JWT token decoded successfully
[2026-03-10 15:22:51,000146] [INFO] [dynamo] [_log] [N/A] [15cfb1df] - User found: jay.techabbot1@gmail.com
[2026-03-10 15:22:51,000147] [INFO] [dynamo] [_log] [N/A] [15cfb1df] - Upserting user: jay.techabbot1@gmail.com
[2026-03-10 15:22:51,000414] [INFO] [dynamo] [_log] [N/A] [15cfb1df] - User upserted successfully: jay.techabbot1@gmail.com
[2026-03-10 15:22:51,000416] [INFO] [api] [_log] [N/A] [15cfb1df] - Request completed: PUT /users/me - Status: 200 - Duration: 0.523s
[2026-03-10 15:23:30,000551] [INFO] [api] [_log] [N/A] [79db630d] - Incoming request: OPTIONS /registrations/gujcet-2026
[2026-03-10 15:23:30,000552] [INFO] [api] [_log] [N/A] [79db630d] - Request completed: OPTIONS /registrations/gujcet-2026 - Status: 200 - Duration: 0.001s
[2026-03-10 15:23:30,000869] [INFO] [api] [_log] [N/A] [79633053] - Incoming request: POST /registrations/gujcet-2026
[2026-03-10 15:23:30,000871] [INFO] [jwt] [_log] [N/A] [79633053] - JWT token decoded successfully
[2026-03-10 15:23:31,000341] [INFO] [dynamo] [_log] [N/A] [79633053] - User found: jay.techabbot1@gmail.com
[2026-03-10 15:23:31,000776] [INFO] [dynamo] [_log] [N/A] [79633053] - Generated registration ID: GCK-2026-00002
[2026-03-10 15:23:31,000778] [INFO] [dynamo] [_log] [N/A] [79633053] - Creating registration for event: gujcet-2026, email: jay.techabbot1@gmail.com
[2026-03-10 15:23:31,000961] [INFO] [dynamo] [_log] [N/A] [79633053] - Registration created successfully for event: gujcet-2026, email: jay.techabbot1@gmail.com
[2026-03-10 15:23:31,000964] [INFO] [api] [_log] [N/A] [79633053] - Request completed: POST /registrations/gujcet-2026 - Status: 201 - Duration: 1.096s
[2026-03-10 15:23:31,000966] [INFO] [sms] [_log] [N/A] [40128937] - Sending registration SMS to phone: 1231312313, event: GUJCET Practice Session, reg_id: GCK-2026-00002
[2026-03-10 15:23:31,000970] [INFO] [api] [_log] [N/A] [a69f3389] - Incoming request: GET /registrations/gujcet-2026/check
[2026-03-10 15:23:31,000973] [INFO] [jwt] [_log] [N/A] [a69f3389] - JWT token decoded successfully
[2026-03-10 15:23:32,000123] [INFO] [app] [log_request] [N/A] [N/A] - -- BEGIN Twilio API Request --
[2026-03-10 15:23:32,000124] [INFO] [app] [log_request] [N/A] [N/A] - POST Request: https://api.twilio.com/2010-04-01/Accounts/your-twilio-sid/Messages.json
[2026-03-10 15:23:32,000124] [INFO] [app] [log_request] [N/A] [N/A] - Headers:
[2026-03-10 15:23:32,000124] [INFO] [app] [log_request] [N/A] [N/A] - User-Agent : twilio-python/9.0.0 (Windows AMD64) Python/3.12.12
[2026-03-10 15:23:32,000125] [INFO] [app] [log_request] [N/A] [N/A] - X-Twilio-Client : python-9.0.0
[2026-03-10 15:23:32,000125] [INFO] [app] [log_request] [N/A] [N/A] - Accept-Charset : utf-8
[2026-03-10 15:23:32,000125] [INFO] [app] [log_request] [N/A] [N/A] - Content-Type : application/x-www-form-urlencoded
[2026-03-10 15:23:32,000125] [INFO] [app] [log_request] [N/A] [N/A] - Accept : application/json
[2026-03-10 15:23:32,000126] [INFO] [app] [log_request] [N/A] [N/A] - -- END Twilio API Request --
[2026-03-10 15:23:32,000208] [INFO] [api] [_log] [N/A] [a69f3389] - Request completed: GET /registrations/gujcet-2026/check - Status: 200 - Duration: 0.238s
[2026-03-10 15:23:32,000553] [INFO] [app] [log_response] [N/A] [N/A] - Response Status Code: 401
[2026-03-10 15:23:32,000553] [INFO] [app] [log_response] [N/A] [N/A] - Response Headers: {'Content-Type': 'application/json', 'Content-Length': '134', 'Connection': 'keep-alive', 'Date': 'Tue, 10 Mar 2026 09:53:32 GMT', 'X-Twilio-Error-Code': '20003', 'Twilio-Request-Id': 'RQ081d484b23737213e4443d5cd9758aee', 'Twilio-Request-Duration': '0.004', 'X-Home-Region': 'us1', 'X-API-Domain': 'api.twilio.com', 'Strict-Transport-Security': 'max-age=31536000', 'WWW-Authenticate': 'Basic realm="Twilio API"', 'X-Cache': 'Error from cloudfront', 'Via': '1.1 5386a8d7720a3ce80a31c35f4f3c1774.cloudfront.net (CloudFront)', 'X-Amz-Cf-Pop': 'HYD57-P5', 'X-Amz-Cf-Id': '3mfWaEKbpC1lGlF6G-MSxMCf4zfyqYCdRYSpmYRl7WDjRv_SBlmyrw==', 'X-Powered-By': 'AT-5000', 'X-Shenanigans': 'none', 'Vary': 'Origin'}
[2026-03-10 15:37:27,000350] [INFO] [api] [_log] [N/A] [9bed0eed] - Incoming request: GET /auth/me
[2026-03-10 15:37:27,000353] [INFO] [jwt] [_log] [N/A] [9bed0eed] - JWT token decoded successfully
[2026-03-10 15:37:27,000594] [INFO] [dynamo] [_log] [N/A] [9bed0eed] - User found: jay.techabbot1@gmail.com
[2026-03-10 15:37:27,000597] [INFO] [api] [_log] [N/A] [9bed0eed] - Request completed: GET /auth/me - Status: 200 - Duration: 0.246s
[2026-03-10 15:37:29,000086] [INFO] [app] [setup_logging] [N/A] [N/A] - Logging initialized. Log level: INFO. Log file: D:\Jay Rathod\Projects\website\backend\app.log
[2026-03-10 15:39:23,000097] [INFO] [api] [_log] [N/A] [58a4e873] - Incoming request: GET /auth/me
[2026-03-10 15:39:23,000101] [INFO] [jwt] [_log] [N/A] [58a4e873] - JWT token decoded successfully
[2026-03-10 15:39:23,000444] [INFO] [dynamo] [_log] [N/A] [58a4e873] - User found: jay.techabbot1@gmail.com
[2026-03-10 15:39:23,000447] [INFO] [api] [_log] [N/A] [58a4e873] - Request completed: GET /auth/me - Status: 200 - Duration: 0.349s
[2026-03-10 15:39:23,000449] [INFO] [api] [_log] [N/A] [5bb74643] - Incoming request: GET /auth/me
[2026-03-10 15:39:23,000451] [INFO] [jwt] [_log] [N/A] [5bb74643] - JWT token decoded successfully
[2026-03-10 15:39:23,000667] [INFO] [dynamo] [_log] [N/A] [5bb74643] - User found: jay.techabbot1@gmail.com
[2026-03-10 15:39:23,000669] [INFO] [api] [_log] [N/A] [5bb74643] - Request completed: GET /auth/me - Status: 200 - Duration: 0.219s
[2026-03-10 15:41:52,000599] [INFO] [app] [setup_logging] [N/A] [N/A] - Logging initialized. Log level: INFO. Log file: D:\Jay Rathod\Projects\website\backend\app.log
[2026-03-10 15:41:59,000741] [INFO] [api] [_log] [N/A] [83ba6b8c] - Incoming request: POST /auth/logout
[2026-03-10 15:41:59,000744] [INFO] [api] [_log] [N/A] [83ba6b8c] - Request completed: POST /auth/logout - Status: 200 - Duration: 0.002s
[2026-03-10 15:42:05,000814] [INFO] [api] [_log] [N/A] [cb016ac1] - Incoming request: GET /auth/me
[2026-03-10 15:42:05,000816] [INFO] [api] [_log] [N/A] [cb016ac1] - Request completed: GET /auth/me - Status: 401 - Duration: 0.002s
[2026-03-10 15:42:05,000819] [INFO] [api] [_log] [N/A] [a7d1b230] - Incoming request: GET /auth/me
[2026-03-10 15:42:05,000820] [INFO] [api] [_log] [N/A] [a7d1b230] - Request completed: GET /auth/me - Status: 401 - Duration: 0.001s
[2026-03-10 15:43:15,000622] [INFO] [api] [_log] [N/A] [42188203] - Incoming request: OPTIONS /auth/admin/login
[2026-03-10 15:43:15,000623] [INFO] [api] [_log] [N/A] [42188203] - Request completed: OPTIONS /auth/admin/login - Status: 200 - Duration: 0.001s
[2026-03-10 15:43:15,000929] [INFO] [api] [_log] [N/A] [5757fc1a] - Incoming request: POST /auth/admin/login
[2026-03-10 15:43:15,000931] [INFO] [api] [_log] [N/A] [5757fc1a] - Request completed: POST /auth/admin/login - Status: 401 - Duration: 0.002s
[2026-03-10 15:43:19,000134] [INFO] [api] [_log] [N/A] [d4fec57b] - Incoming request: POST /auth/admin/login
[2026-03-10 15:43:19,000135] [INFO] [api] [_log] [N/A] [d4fec57b] - Request completed: POST /auth/admin/login - Status: 401 - Duration: 0.002s
[2026-03-10 15:43:29,000943] [INFO] [api] [_log] [N/A] [598b541b] - Incoming request: GET /auth/me
[2026-03-10 15:43:29,000943] [INFO] [api] [_log] [N/A] [598b541b] - Request completed: GET /auth/me - Status: 401 - Duration: 0.001s
[2026-03-10 15:43:30,000058] [INFO] [api] [_log] [N/A] [75ef519b] - Incoming request: GET /auth/me
[2026-03-10 15:43:30,000060] [INFO] [api] [_log] [N/A] [75ef519b] - Request completed: GET /auth/me - Status: 401 - Duration: 0.002s
[2026-03-10 15:43:30,000571] [INFO] [api] [_log] [N/A] [3910126d] - Incoming request: POST /auth/admin/login
[2026-03-10 15:43:30,000573] [INFO] [api] [_log] [N/A] [3910126d] - Request completed: POST /auth/admin/login - Status: 401 - Duration: 0.002s
[2026-03-10 15:46:11,000920] [INFO] [api] [_log] [N/A] [63d0fd58] - Incoming request: POST /auth/admin/login
[2026-03-10 15:46:11,000921] [INFO] [api] [_log] [N/A] [63d0fd58] - Request completed: POST /auth/admin/login - Status: 401 - Duration: 0.001s
[2026-03-10 15:46:24,000579] [INFO] [api] [_log] [N/A] [80426209] - Incoming request: POST /auth/admin/login
[2026-03-10 15:46:24,000581] [INFO] [api] [_log] [N/A] [80426209] - Request completed: POST /auth/admin/login - Status: 401 - Duration: 0.002s
[2026-03-10 15:46:31,000539] [INFO] [api] [_log] [N/A] [9545a22f] - Incoming request: POST /auth/admin/login
[2026-03-10 15:47:09,000923] [INFO] [api] [_log] [N/A] [18cc1e40] - Incoming request: POST /auth/admin/login
[2026-03-10 15:47:18,000648] [INFO] [api] [_log] [N/A] [aaabc37d] - Incoming request: POST /auth/admin/login
[2026-03-10 15:48:51,000340] [INFO] [api] [_log] [N/A] [61411073] - Incoming request: POST /auth/admin/login
[2026-03-10 15:50:50,000327] [INFO] [app] [setup_logging] [N/A] [N/A] - Logging initialized. Log level: INFO. Log file: D:\Jay Rathod\Projects\website\backend\app.log
[2026-03-10 15:50:51,000169] [INFO] [api] [_log] [N/A] [7ade879b] - Incoming request: POST /auth/admin/login
[2026-03-10 15:50:52,000791] [INFO] [app] [setup_logging] [N/A] [N/A] - Logging initialized. Log level: INFO. Log file: D:\Jay Rathod\Projects\website\backend\app.log
[2026-03-10 15:50:52,000867] [INFO] [api] [_log] [N/A] [0a9a3e39] - Incoming request: POST /auth/admin/login
[2026-03-10 15:50:52,000869] [ERROR] [app] [admin_login] [N/A] [N/A] - Admin password hash in configuration is malformed
[2026-03-10 15:50:52,000870] [INFO] [api] [_log] [N/A] [0a9a3e39] - Request completed: POST /auth/admin/login - Status: 500 - Duration: 0.004s
[2026-03-10 15:50:53,000392] [INFO] [api] [_log] [N/A] [b41cc6db] - Incoming request: GET /auth/me
[2026-03-10 15:50:53,000394] [INFO] [api] [_log] [N/A] [b41cc6db] - Request completed: GET /auth/me - Status: 401 - Duration: 0.002s
[2026-03-10 15:50:53,000397] [INFO] [api] [_log] [N/A] [6baf9014] - Incoming request: GET /auth/me
[2026-03-10 15:50:53,000398] [INFO] [api] [_log] [N/A] [6baf9014] - Request completed: GET /auth/me - Status: 401 - Duration: 0.001s
[2026-03-10 15:50:59,000650] [INFO] [api] [_log] [N/A] [4f90d44c] - Incoming request: POST /auth/admin/login
[2026-03-10 15:50:59,000651] [ERROR] [app] [admin_login] [N/A] [N/A] - Admin password hash in configuration is malformed
[2026-03-10 15:50:59,000651] [INFO] [api] [_log] [N/A] [4f90d44c] - Request completed: POST /auth/admin/login - Status: 500 - Duration: 0.001s
[2026-03-10 15:52:17,000855] [INFO] [api] [_log] [N/A] [391a5fcd] - Incoming request: POST /auth/admin/login
[2026-03-10 15:52:17,000857] [ERROR] [app] [admin_login] [N/A] [N/A] - Admin password hash in configuration is malformed
[2026-03-10 15:52:17,000858] [INFO] [api] [_log] [N/A] [391a5fcd] - Request completed: POST /auth/admin/login - Status: 500 - Duration: 0.003s
[2026-03-10 15:52:19,000645] [INFO] [app] [setup_logging] [N/A] [N/A] - Logging initialized. Log level: INFO. Log file: D:\Jay Rathod\Projects\website\backend\app.log
[2026-03-10 15:52:19,000755] [INFO] [api] [_log] [N/A] [f7aa3de5] - Incoming request: POST /auth/admin/login
NoneType: None
[2026-03-10 15:52:19,000757] [ERROR] [app] [admin_login] [N/A] [N/A] - Admin password hash in configuration is malformed
[2026-03-10 15:52:19,000758] [INFO] [api] [_log] [N/A] [f7aa3de5] - Request completed: POST /auth/admin/login - Status: 500 - Duration: 0.003s
NoneType: None
[2026-03-10 15:52:19,000836] [INFO] [api] [_log] [N/A] [bdb4f2d9] - Incoming request: POST /auth/admin/login
NoneType: None
[2026-03-10 15:52:19,000838] [ERROR] [app] [admin_login] [N/A] [N/A] - Admin password hash in configuration is malformed
[2026-03-10 15:52:19,000839] [INFO] [api] [_log] [N/A] [bdb4f2d9] - Request completed: POST /auth/admin/login - Status: 500 - Duration: 0.003s
NoneType: None
[2026-03-10 15:52:51,000610] [INFO] [api] [_log] [N/A] [a6cdc6b0] - Incoming request: GET /docs
NoneType: None
[2026-03-10 15:52:51,000611] [INFO] [api] [_log] [N/A] [a6cdc6b0] - Request completed: GET /docs - Status: 200 - Duration: 0.002s
NoneType: None
[2026-03-10 15:52:51,000994] [INFO] [api] [_log] [N/A] [8b6f53be] - Incoming request: GET /openapi.json
NoneType: None
[2026-03-10 15:52:52,000018] [INFO] [api] [_log] [N/A] [8b6f53be] - Request completed: GET /openapi.json - Status: 200 - Duration: 0.024s
NoneType: None
[2026-03-10 15:53:04,000770] [INFO] [api] [_log] [N/A] [9940f87a] - Incoming request: POST /auth/admin/login
NoneType: None
[2026-03-10 15:53:04,000772] [ERROR] [app] [admin_login] [N/A] [N/A] - Admin password hash in configuration is malformed
[2026-03-10 15:53:04,000773] [INFO] [api] [_log] [N/A] [9940f87a] - Request completed: POST /auth/admin/login - Status: 500 - Duration: 0.004s
NoneType: None
[2026-03-10 15:53:31,000261] [INFO] [api] [_log] [N/A] [4dca10d9] - Incoming request: POST /auth/admin/login
NoneType: None
[2026-03-10 15:53:31,000263] [ERROR] [app] [admin_login] [N/A] [N/A] - Admin password hash in configuration is malformed
[2026-03-10 15:53:31,000264] [INFO] [api] [_log] [N/A] [4dca10d9] - Request completed: POST /auth/admin/login - Status: 500 - Duration: 0.003s
NoneType: None
[2026-03-10 15:53:32,000906] [INFO] [api] [_log] [N/A] [d633352b] - Incoming request: POST /auth/admin/login
NoneType: None
[2026-03-10 15:53:32,000907] [ERROR] [app] [admin_login] [N/A] [N/A] - Admin password hash in configuration is malformed
[2026-03-10 15:53:32,000908] [INFO] [api] [_log] [N/A] [d633352b] - Request completed: POST /auth/admin/login - Status: 500 - Duration: 0.002s
NoneType: None
[2026-03-10 15:53:33,000148] [INFO] [api] [_log] [N/A] [6cbd355d] - Incoming request: POST /auth/admin/login
NoneType: None
[2026-03-10 15:53:33,000149] [ERROR] [app] [admin_login] [N/A] [N/A] - Admin password hash in configuration is malformed
[2026-03-10 15:53:33,000150] [INFO] [api] [_log] [N/A] [6cbd355d] - Request completed: POST /auth/admin/login - Status: 500 - Duration: 0.003s
NoneType: None
[2026-03-10 15:53:33,000376] [INFO] [api] [_log] [N/A] [b2e7cd14] - Incoming request: POST /auth/admin/login
NoneType: None
[2026-03-10 15:53:33,000377] [ERROR] [app] [admin_login] [N/A] [N/A] - Admin password hash in configuration is malformed
[2026-03-10 15:53:33,000378] [INFO] [api] [_log] [N/A] [b2e7cd14] - Request completed: POST /auth/admin/login - Status: 500 - Duration: 0.002s
NoneType: None
[2026-03-10 15:53:33,000511] [INFO] [api] [_log] [N/A] [1063dfb0] - Incoming request: POST /auth/admin/login
NoneType: None
[2026-03-10 15:53:33,000513] [ERROR] [app] [admin_login] [N/A] [N/A] - Admin password hash in configuration is malformed
[2026-03-10 15:53:33,000514] [INFO] [api] [_log] [N/A] [1063dfb0] - Request completed: POST /auth/admin/login - Status: 500 - Duration: 0.002s
NoneType: None
[2026-03-10 15:53:33,000732] [INFO] [api] [_log] [N/A] [6b68de7b] - Incoming request: POST /auth/admin/login
NoneType: None
[2026-03-10 15:53:33,000733] [ERROR] [app] [admin_login] [N/A] [N/A] - Admin password hash in configuration is malformed
[2026-03-10 15:53:33,000733] [INFO] [api] [_log] [N/A] [6b68de7b] - Request completed: POST /auth/admin/login - Status: 500 - Duration: 0.001s
NoneType: None
[2026-03-10 15:53:33,000893] [INFO] [api] [_log] [N/A] [ccb62ed7] - Incoming request: POST /auth/admin/login
NoneType: None
[2026-03-10 15:53:33,000896] [ERROR] [app] [admin_login] [N/A] [N/A] - Admin password hash in configuration is malformed
[2026-03-10 15:53:33,000896] [INFO] [api] [_log] [N/A] [ccb62ed7] - Request completed: POST /auth/admin/login - Status: 500 - Duration: 0.003s
NoneType: None
[2026-03-10 15:53:34,000026] [INFO] [api] [_log] [N/A] [63173ac6] - Incoming request: POST /auth/admin/login
NoneType: None
[2026-03-10 15:53:34,000027] [ERROR] [app] [admin_login] [N/A] [N/A] - Admin password hash in configuration is malformed
[2026-03-10 15:53:34,000028] [INFO] [api] [_log] [N/A] [63173ac6] - Request completed: POST /auth/admin/login - Status: 500 - Duration: 0.002s
NoneType: None
[2026-03-10 15:55:46,000173] [INFO] [api] [_log] [N/A] [9850b1f9] - Incoming request: POST /auth/admin/login
NoneType: None
[2026-03-10 15:55:46,000176] [ERROR] [app] [admin_login] [N/A] [N/A] - Admin password hash in configuration is malformed
[2026-03-10 15:55:46,000177] [INFO] [api] [_log] [N/A] [9850b1f9] - Request completed: POST /auth/admin/login - Status: 500 - Duration: 0.004s
NoneType: None
[2026-03-10 15:55:47,000710] [INFO] [app] [setup_logging] [N/A] [N/A] - Logging initialized. Log level: INFO. Log file: D:\Jay Rathod\Projects\website\backend\app.log
[2026-03-10 15:55:50,000444] [INFO] [app] [setup_logging] [N/A] [N/A] - Logging initialized. Log level: INFO. Log file: D:\Jay Rathod\Projects\website\backend\app.log
[2026-03-10 15:55:52,000076] [INFO] [api] [_log] [N/A] [58b5b9b2] - Incoming request: POST /auth/admin/login
NoneType: None
[2026-03-10 15:55:52,000079] [INFO] [jwt] [_log] [N/A] [58b5b9b2] - JWT token created successfully
NoneType: None
[2026-03-10 15:55:52,000080] [INFO] [api] [_log] [N/A] [58b5b9b2] - Request completed: POST /auth/admin/login - Status: 200 - Duration: 0.005s
NoneType: None
[2026-03-10 15:55:52,000732] [INFO] [api] [_log] [N/A] [ea5bbe74] - Incoming request: POST /auth/admin/login
NoneType: None
[2026-03-10 15:55:52,000733] [INFO] [jwt] [_log] [N/A] [ea5bbe74] - JWT token created successfully
NoneType: None
[2026-03-10 15:55:52,000735] [INFO] [api] [_log] [N/A] [ea5bbe74] - Request completed: POST /auth/admin/login - Status: 200 - Duration: 0.003s
NoneType: None
[2026-03-10 15:55:54,000510] [INFO] [api] [_log] [N/A] [f68b4210] - Incoming request: POST /auth/admin/login
NoneType: None
[2026-03-10 15:55:54,000511] [INFO] [jwt] [_log] [N/A] [f68b4210] - JWT token created successfully
NoneType: None
[2026-03-10 15:55:54,000513] [INFO] [api] [_log] [N/A] [f68b4210] - Request completed: POST /auth/admin/login - Status: 200 - Duration: 0.003s
NoneType: None
[2026-03-10 15:55:55,000146] [INFO] [api] [_log] [N/A] [034775d3] - Incoming request: POST /auth/admin/login
NoneType: None
[2026-03-10 15:55:55,000147] [INFO] [jwt] [_log] [N/A] [034775d3] - JWT token created successfully
NoneType: None
[2026-03-10 15:55:55,000147] [INFO] [api] [_log] [N/A] [034775d3] - Request completed: POST /auth/admin/login - Status: 200 - Duration: 0.001s
NoneType: None
[2026-03-10 15:55:55,000485] [INFO] [api] [_log] [N/A] [13076886] - Incoming request: POST /auth/admin/login
NoneType: None
[2026-03-10 15:55:55,000486] [INFO] [jwt] [_log] [N/A] [13076886] - JWT token created successfully
NoneType: None
[2026-03-10 15:55:55,000487] [INFO] [api] [_log] [N/A] [13076886] - Request completed: POST /auth/admin/login - Status: 200 - Duration: 0.003s
NoneType: None
[2026-03-10 15:55:56,000067] [INFO] [api] [_log] [N/A] [a5f8ecee] - Incoming request: POST /auth/admin/login
NoneType: None
[2026-03-10 15:55:56,000069] [INFO] [jwt] [_log] [N/A] [a5f8ecee] - JWT token created successfully
NoneType: None
[2026-03-10 15:55:56,000070] [INFO] [api] [_log] [N/A] [a5f8ecee] - Request completed: POST /auth/admin/login - Status: 200 - Duration: 0.003s
NoneType: None
[2026-03-10 15:55:56,000570] [INFO] [api] [_log] [N/A] [3e3031c3] - Incoming request: POST /auth/admin/login
NoneType: None
[2026-03-10 15:55:56,000572] [INFO] [jwt] [_log] [N/A] [3e3031c3] - JWT token created successfully
NoneType: None
[2026-03-10 15:55:56,000573] [INFO] [api] [_log] [N/A] [3e3031c3] - Request completed: POST /auth/admin/login - Status: 200 - Duration: 0.003s
NoneType: None
[2026-03-10 15:55:57,000066] [INFO] [api] [_log] [N/A] [7335248a] - Incoming request: POST /auth/admin/login
NoneType: None
[2026-03-10 15:55:57,000068] [INFO] [jwt] [_log] [N/A] [7335248a] - JWT token created successfully
NoneType: None
[2026-03-10 15:55:57,000069] [INFO] [api] [_log] [N/A] [7335248a] - Request completed: POST /auth/admin/login - Status: 200 - Duration: 0.003s
NoneType: None
[2026-03-10 15:55:57,000618] [INFO] [api] [_log] [N/A] [da0ff8a3] - Incoming request: POST /auth/admin/login
NoneType: None
[2026-03-10 15:55:57,000619] [INFO] [jwt] [_log] [N/A] [da0ff8a3] - JWT token created successfully
NoneType: None
[2026-03-10 15:55:57,000620] [INFO] [api] [_log] [N/A] [da0ff8a3] - Request completed: POST /auth/admin/login - Status: 200 - Duration: 0.003s
NoneType: None
[2026-03-10 15:55:57,000769] [INFO] [api] [_log] [N/A] [4628c883] - Incoming request: POST /auth/admin/login
NoneType: None
[2026-03-10 15:55:57,000771] [INFO] [jwt] [_log] [N/A] [4628c883] - JWT token created successfully
NoneType: None
[2026-03-10 15:55:57,000772] [INFO] [api] [_log] [N/A] [4628c883] - Request completed: POST /auth/admin/login - Status: 200 - Duration: 0.003s
NoneType: None
[2026-03-10 15:56:01,000617] [INFO] [api] [_log] [N/A] [5f9fc53c] - Incoming request: POST /auth/admin/login
NoneType: None
[2026-03-10 15:56:01,000619] [WARNING] [app] [_load_backend_mixin] [N/A] [N/A] - (trapped) error reading bcrypt version
Traceback (most recent call last):
  File "D:\Jay Rathod\Projects\website\backend\.venv\Lib\site-packages\passlib\handlers\bcrypt.py", line 620, in _load_backend_mixin
    version = _bcrypt.__about__.__version__
              ^^^^^^^^^^^^^^^^^
AttributeError: module 'bcrypt' has no attribute '__about__'
[2026-03-10 15:56:01,000626] [ERROR] [app] [admin_login] [N/A] [N/A] - Admin password hash in configuration is malformed
[2026-03-10 15:56:01,000628] [INFO] [api] [_log] [N/A] [5f9fc53c] - Request completed: POST /auth/admin/login - Status: 500 - Duration: 0.011s
NoneType: None
[2026-03-10 15:56:05,000233] [INFO] [api] [_log] [N/A] [b696ab2d] - Incoming request: POST /auth/admin/login
NoneType: None
[2026-03-10 15:56:05,000234] [INFO] [jwt] [_log] [N/A] [b696ab2d] - JWT token created successfully
NoneType: None
[2026-03-10 15:56:05,000236] [INFO] [api] [_log] [N/A] [b696ab2d] - Request completed: POST /auth/admin/login - Status: 200 - Duration: 0.003s
NoneType: None
[2026-03-10 15:56:11,000171] [INFO] [api] [_log] [N/A] [536068ca] - Incoming request: OPTIONS /auth/admin/login
NoneType: None
[2026-03-10 15:56:11,000172] [INFO] [api] [_log] [N/A] [536068ca] - Request completed: OPTIONS /auth/admin/login - Status: 200 - Duration: 0.001s
NoneType: None
[2026-03-10 15:56:11,000481] [INFO] [api] [_log] [N/A] [29b055b0] - Incoming request: POST /auth/admin/login
NoneType: None
[2026-03-10 15:56:11,000483] [INFO] [jwt] [_log] [N/A] [29b055b0] - JWT token created successfully
NoneType: None
[2026-03-10 15:56:11,000483] [INFO] [api] [_log] [N/A] [29b055b0] - Request completed: POST /auth/admin/login - Status: 200 - Duration: 0.002s
NoneType: None
[2026-03-10 15:56:11,000503] [INFO] [api] [_log] [N/A] [6ce264f4] - Incoming request: GET /events
NoneType: None
[2026-03-10 15:56:11,000953] [INFO] [dynamo] [_log] [N/A] [6ce264f4] - Found 3 events
[2026-03-10 15:56:11,000956] [INFO] [api] [_log] [N/A] [6ce264f4] - Request completed: GET /events - Status: 200 - Duration: 0.453s
NoneType: None
[2026-03-10 15:56:11,000960] [INFO] [api] [_log] [N/A] [4b68260c] - Incoming request: GET /events
NoneType: None
[2026-03-10 15:56:11,000964] [INFO] [api] [_log] [N/A] [f385a0f6] - Incoming request: GET /admin/stats/spoken-eng-2026
NoneType: None
[2026-03-10 15:56:11,000972] [INFO] [jwt] [_log] [N/A] [f385a0f6] - JWT token decoded successfully
NoneType: None
[2026-03-10 15:56:12,000168] [INFO] [dynamo] [_log] [N/A] [4b68260c] - Found 3 events
[2026-03-10 15:56:12,000171] [INFO] [api] [_log] [N/A] [4b68260c] - Request completed: GET /events - Status: 200 - Duration: 0.211s
NoneType: None
[2026-03-10 15:56:12,000410] [INFO] [dynamo] [_log] [N/A] [3738b148] - Found 0 registrations for event: spoken-eng-2026
[2026-03-10 15:56:12,000413] [INFO] [api] [_log] [N/A] [f385a0f6] - Request completed: GET /admin/stats/spoken-eng-2026 - Status: 200 - Duration: 0.449s
NoneType: None
[2026-03-10 15:56:12,000415] [INFO] [api] [_log] [N/A] [cc68d94c] - Incoming request: GET /admin/stats/spoken-eng-2026
NoneType: None
[2026-03-10 15:56:12,000418] [INFO] [jwt] [_log] [N/A] [cc68d94c] - JWT token decoded successfully
NoneType: None
[2026-03-10 15:56:12,000907] [INFO] [dynamo] [_log] [N/A] [cc68d94c] - Found 0 registrations for event: spoken-eng-2026
[2026-03-10 15:56:12,000908] [INFO] [api] [_log] [N/A] [cc68d94c] - Request completed: GET /admin/stats/spoken-eng-2026 - Status: 200 - Duration: 0.493s
NoneType: None
[2026-03-10 15:56:16,000613] [INFO] [api] [_log] [N/A] [ec34787b] - Incoming request: GET /events
NoneType: None
[2026-03-10 15:56:16,000803] [INFO] [dynamo] [_log] [N/A] [ec34787b] - Found 3 events
[2026-03-10 15:56:16,000806] [INFO] [api] [_log] [N/A] [ec34787b] - Request completed: GET /events - Status: 200 - Duration: 0.193s
NoneType: None
[2026-03-10 15:56:23,000678] [INFO] [api] [_log] [N/A] [07863b77] - Incoming request: GET /admin/registrations/gujcet-2026
NoneType: None
[2026-03-10 15:56:23,000680] [INFO] [jwt] [_log] [N/A] [07863b77] - JWT token decoded successfully
NoneType: None
[2026-03-10 15:56:23,000996] [INFO] [dynamo] [_log] [N/A] [07863b77] - Found 2 registrations for event: gujcet-2026
[2026-03-10 15:56:23,000997] [INFO] [api] [_log] [N/A] [07863b77] - Request completed: GET /admin/registrations/gujcet-2026 - Status: 200 - Duration: 0.319s
NoneType: None
[2026-03-10 15:56:51,000967] [INFO] [api] [_log] [N/A] [0032aa95] - Incoming request: GET /admin/registrations/gujcet-2026
NoneType: None
[2026-03-10 15:56:51,000970] [INFO] [jwt] [_log] [N/A] [0032aa95] - JWT token decoded successfully
NoneType: None
[2026-03-10 15:56:52,000280] [INFO] [dynamo] [_log] [N/A] [0032aa95] - Found 2 registrations for event: gujcet-2026
[2026-03-10 15:56:52,000283] [INFO] [api] [_log] [N/A] [0032aa95] - Request completed: GET /admin/registrations/gujcet-2026 - Status: 200 - Duration: 0.316s
NoneType: None
[2026-03-10 15:56:54,000461] [INFO] [api] [_log] [N/A] [9c8cb41f] - Incoming request: GET /events
NoneType: None
[2026-03-10 15:56:54,000608] [INFO] [dynamo] [_log] [N/A] [9c8cb41f] - Found 3 events
[2026-03-10 15:56:54,000610] [INFO] [api] [_log] [N/A] [9c8cb41f] - Request completed: GET /events - Status: 200 - Duration: 0.149s
NoneType: None
[2026-03-10 15:56:54,000613] [INFO] [api] [_log] [N/A] [3c075f57] - Incoming request: GET /events
NoneType: None
[2026-03-10 15:56:54,000763] [INFO] [dynamo] [_log] [N/A] [3c075f57] - Found 3 events
[2026-03-10 15:56:54,000766] [INFO] [api] [_log] [N/A] [3c075f57] - Request completed: GET /events - Status: 200 - Duration: 0.153s
NoneType: None
[2026-03-10 15:56:54,000768] [INFO] [api] [_log] [N/A] [6877e3c8] - Incoming request: GET /admin/stats/spoken-eng-2026
NoneType: None
[2026-03-10 15:56:54,000770] [INFO] [jwt] [_log] [N/A] [6877e3c8] - JWT token decoded successfully
NoneType: None
[2026-03-10 15:56:55,000107] [INFO] [dynamo] [_log] [N/A] [6877e3c8] - Found 0 registrations for event: spoken-eng-2026
[2026-03-10 15:56:55,000109] [INFO] [api] [_log] [N/A] [6877e3c8] - Request completed: GET /admin/stats/spoken-eng-2026 - Status: 200 - Duration: 0.340s
NoneType: None
[2026-03-10 15:56:55,000112] [INFO] [api] [_log] [N/A] [c7af6f19] - Incoming request: GET /admin/stats/spoken-eng-2026
NoneType: None
[2026-03-10 15:56:55,000112] [INFO] [jwt] [_log] [N/A] [c7af6f19] - JWT token decoded successfully
NoneType: None
[2026-03-10 15:56:55,000417] [INFO] [dynamo] [_log] [N/A] [c7af6f19] - Found 0 registrations for event: spoken-eng-2026
[2026-03-10 15:56:55,000419] [INFO] [api] [_log] [N/A] [c7af6f19] - Request completed: GET /admin/stats/spoken-eng-2026 - Status: 200 - Duration: 0.308s
NoneType: None
[2026-03-10 15:57:28,000031] [INFO] [api] [_log] [N/A] [923b37bb] - Incoming request: GET /events
NoneType: None
[2026-03-10 15:57:28,000280] [INFO] [dynamo] [_log] [N/A] [923b37bb] - Found 3 events
[2026-03-10 15:57:28,000282] [INFO] [api] [_log] [N/A] [923b37bb] - Request completed: GET /events - Status: 200 - Duration: 0.252s
NoneType: None
[2026-03-10 15:57:28,000286] [INFO] [api] [_log] [N/A] [fe097897] - Incoming request: GET /events
NoneType: None
[2026-03-10 15:57:28,000511] [INFO] [dynamo] [_log] [N/A] [fe097897] - Found 3 events
[2026-03-10 15:57:28,000514] [INFO] [api] [_log] [N/A] [fe097897] - Request completed: GET /events - Status: 200 - Duration: 0.228s
NoneType: None
[2026-03-10 15:57:28,000517] [INFO] [api] [_log] [N/A] [7b7a2951] - Incoming request: GET /admin/stats/spoken-eng-2026
NoneType: None
[2026-03-10 15:57:28,000518] [INFO] [jwt] [_log] [N/A] [7b7a2951] - JWT token decoded successfully
NoneType: None
[2026-03-10 15:57:28,000928] [INFO] [dynamo] [_log] [N/A] [7b7a2951] - Found 0 registrations for event: spoken-eng-2026
[2026-03-10 15:57:28,000930] [INFO] [api] [_log] [N/A] [7b7a2951] - Request completed: GET /admin/stats/spoken-eng-2026 - Status: 200 - Duration: 0.413s
NoneType: None
[2026-03-10 15:57:28,000933] [INFO] [api] [_log] [N/A] [30d6e8bc] - Incoming request: GET /admin/stats/spoken-eng-2026
NoneType: None
[2026-03-10 15:57:28,000934] [INFO] [jwt] [_log] [N/A] [30d6e8bc] - JWT token decoded successfully
NoneType: None
[2026-03-10 15:57:29,000237] [INFO] [dynamo] [_log] [N/A] [30d6e8bc] - Found 0 registrations for event: spoken-eng-2026
[2026-03-10 15:57:29,000239] [INFO] [api] [_log] [N/A] [30d6e8bc] - Request completed: GET /admin/stats/spoken-eng-2026 - Status: 200 - Duration: 0.306s
NoneType: None
[2026-03-10 15:57:34,000261] [INFO] [api] [_log] [N/A] [63b631e9] - Incoming request: GET /admin/registrations/gujcet-2026
NoneType: None
[2026-03-10 15:57:34,000264] [INFO] [jwt] [_log] [N/A] [63b631e9] - JWT token decoded successfully
NoneType: None
[2026-03-10 15:57:34,000564] [INFO] [dynamo] [_log] [N/A] [63b631e9] - Found 2 registrations for event: gujcet-2026
[2026-03-10 15:57:34,000567] [INFO] [api] [_log] [N/A] [63b631e9] - Request completed: GET /admin/registrations/gujcet-2026 - Status: 200 - Duration: 0.306s
NoneType: None
[2026-03-10 15:57:36,000143] [INFO] [api] [_log] [N/A] [4bb14925] - Incoming request: GET /events
NoneType: None
[2026-03-10 15:57:36,000321] [INFO] [dynamo] [_log] [N/A] [4bb14925] - Found 3 events
[2026-03-10 15:57:36,000324] [INFO] [api] [_log] [N/A] [4bb14925] - Request completed: GET /events - Status: 200 - Duration: 0.180s
NoneType: None
[2026-03-10 15:57:36,000326] [INFO] [api] [_log] [N/A] [f20615f3] - Incoming request: GET /events
NoneType: None
[2026-03-10 15:57:36,000523] [INFO] [dynamo] [_log] [N/A] [f20615f3] - Found 3 events
[2026-03-10 15:57:36,000525] [INFO] [api] [_log] [N/A] [f20615f3] - Request completed: GET /events - Status: 200 - Duration: 0.199s
NoneType: None
[2026-03-10 15:57:36,000528] [INFO] [api] [_log] [N/A] [b8eeacea] - Incoming request: GET /admin/stats/spoken-eng-2026
NoneType: None
[2026-03-10 15:57:36,000529] [INFO] [jwt] [_log] [N/A] [b8eeacea] - JWT token decoded successfully
NoneType: None
[2026-03-10 15:57:36,000895] [INFO] [dynamo] [_log] [N/A] [b8eeacea] - Found 0 registrations for event: spoken-eng-2026
[2026-03-10 15:57:36,000897] [INFO] [api] [_log] [N/A] [b8eeacea] - Request completed: GET /admin/stats/spoken-eng-2026 - Status: 200 - Duration: 0.369s
NoneType: None
[2026-03-10 15:57:36,000899] [INFO] [api] [_log] [N/A] [cffb3f2d] - Incoming request: GET /admin/stats/spoken-eng-2026
NoneType: None
[2026-03-10 15:57:36,000900] [INFO] [jwt] [_log] [N/A] [cffb3f2d] - JWT token decoded successfully
NoneType: None
[2026-03-10 15:57:37,000198] [INFO] [dynamo] [_log] [N/A] [cffb3f2d] - Found 0 registrations for event: spoken-eng-2026
[2026-03-10 15:57:37,000201] [INFO] [api] [_log] [N/A] [cffb3f2d] - Request completed: GET /admin/stats/spoken-eng-2026 - Status: 200 - Duration: 0.301s
NoneType: None
